[
  0, 0, 0, 0, 0, 0, 0,
  0, 0, 0, 0, 0, 0, 0,
  0, 0, 0, 0, 0, 0
]
{
  '0': [ 'class', 'row' ],
  '1': [ 'departure track', 'arrival station', 'class', 'row', 'wagon' ],
  '2': [
    'departure location',
    'departure platform',
    'departure track',
    'departure time',
    'arrival station',
    'arrival platform',
    'duration',
    'route',
    'wagon',
    'zone'
  ],
  '3': [ 'arrival station', 'arrival platform', 'row', 'wagon', 'zone' ],
  '4': [
    'departure platform',
    'departure track',
    'departure date',
    'arrival station',
    'arrival platform',
    'class',
    'row',
    'wagon',
    'zone'
  ],
  '5': [ 'class', 'zone' ],
  '6': [
    'departure location',
    'departure station',
    'departure platform',
    'departure track',
    'arrival station',
    'arrival track',
    'route',
    'row',
    'seat',
    'train',
    'wagon',
    'zone'
  ],
  '7': [
    'departure location',
    'departure platform',
    'departure track',
    'departure date',
    'departure time',
    'class',
    'price',
    'route',
    'row',
    'seat',
    'type',
    'zone'
  ],
  '8': [
    'departure location',
    'departure station',
    'departure platform',
    'departure track',
    'arrival station',
    'arrival platform',
    'arrival track',
    'class',
    'route',
    'seat',
    'train',
    'wagon'
  ],
  '9': [
    'departure station',
    'departure platform',
    'departure track',
    'departure date',
    'departure time',
    'arrival station',
    'arrival platform',
    'arrival track',
    'duration',
    'route',
    'wagon',
    'zone'
  ],
  '10': [
    'departure location',
    'departure station',
    'departure track',
    'duration',
    'route',
    'seat',
    'train',
    'wagon',
    'zone'
  ],
  '11': [ 'arrival platform' ],
  '12': [ 'zone' ],
  '13': [
    'departure location',
    'departure track',
    'departure date',
    'arrival station',
    'class',
    'row',
    'zone'
  ],
  '14': [
    'departure station',
    'departure platform',
    'departure track',
    'departure date',
    'zone'
  ],
  '15': [ 'arrival station', 'row', 'wagon', 'zone' ],
  '16': [
    'departure location',
    'departure station',
    'departure platform',
    'departure track',
    'departure date',
    'departure time',
    'arrival station',
    'arrival platform',
    'class',
    'row',
    'wagon'
  ],
  '17': [
    'departure location',
    'departure track',
    'departure time',
    'arrival station',
    'row',
    'wagon'
  ],
  '18': [
    'departure location',
    'departure station',
    'departure platform',
    'departure date',
    'departure time',
    'arrival station',
    'duration',
    'route',
    'row',
    'wagon',
    'zone'
  ],
  '19': [ 'class', 'row', 'wagon' ]
}
[
  0,
  0,
  0,
  0,
  0,
  0,
  0,
  0,
  0,
  0,
  0,
  'arrival platform',
  0,
  0,
  0,
  0,
  0,
  0,
  0,
  0
]
{
  '0': [ 'class', 'row' ],
  '1': [ 'departure track', 'arrival station', 'class', 'row', 'wagon' ],
  '2': [
    'departure location',
    'departure platform',
    'departure track',
    'departure time',
    'arrival station',
    'duration',
    'route',
    'wagon',
    'zone'
  ],
  '3': [ 'arrival station', 'row', 'wagon', 'zone' ],
  '4': [
    'departure platform',
    'departure track',
    'departure date',
    'arrival station',
    'class',
    'row',
    'wagon',
    'zone'
  ],
  '5': [ 'class', 'zone' ],
  '6': [
    'departure location',
    'departure station',
    'departure platform',
    'departure track',
    'arrival station',
    'arrival track',
    'route',
    'row',
    'seat',
    'train',
    'wagon',
    'zone'
  ],
  '7': [
    'departure location',
    'departure platform',
    'departure track',
    'departure date',
    'departure time',
    'class',
    'price',
    'route',
    'row',
    'seat',
    'type',
    'zone'
  ],
  '8': [
    'departure location',
    'departure station',
    'departure platform',
    'departure track',
    'arrival station',
    'arrival track',
    'class',
    'route',
    'seat',
    'train',
    'wagon'
  ],
  '9': [
    'departure station',
    'departure platform',
    'departure track',
    'departure date',
    'departure time',
    'arrival station',
    'arrival track',
    'duration',
    'route',
    'wagon',
    'zone'
  ],
  '10': [
    'departure location',
    'departure station',
    'departure track',
    'duration',
    'route',
    'seat',
    'train',
    'wagon',
    'zone'
  ],
  '11': [],
  '12': [ 'zone' ],
  '13': [
    'departure location',
    'departure track',
    'departure date',
    'arrival station',
    'class',
    'row',
    'zone'
  ],
  '14': [
    'departure station',
    'departure platform',
    'departure track',
    'departure date',
    'zone'
  ],
  '15': [ 'arrival station', 'row', 'wagon', 'zone' ],
  '16': [
    'departure location',
    'departure station',
    'departure platform',
    'departure track',
    'departure date',
    'departure time',
    'arrival station',
    'class',
    'row',
    'wagon'
  ],
  '17': [
    'departure location',
    'departure track',
    'departure time',
    'arrival station',
    'row',
    'wagon'
  ],
  '18': [
    'departure location',
    'departure station',
    'departure platform',
    'departure date',
    'departure time',
    'arrival station',
    'duration',
    'route',
    'row',
    'wagon',
    'zone'
  ],
  '19': [ 'class', 'row', 'wagon' ]
}
[
  0,
  0,
  0,
  0,
  0,
  0,
  0,
  0,
  0,
  0,
  0,
  'arrival platform',
  'zone',
  0,
  0,
  0,
  0,
  0,
  0,
  0
]
{
  '0': [ 'class', 'row' ],
  '1': [ 'departure track', 'arrival station', 'class', 'row', 'wagon' ],
  '2': [
    'departure location',
    'departure platform',
    'departure track',
    'departure time',
    'arrival station',
    'duration',
    'route',
    'wagon'
  ],
  '3': [ 'arrival station', 'row', 'wagon' ],
  '4': [
    'departure platform',
    'departure track',
    'departure date',
    'arrival station',
    'class',
    'row',
    'wagon'
  ],
  '5': [ 'class' ],
  '6': [
    'departure location',
    'departure station',
    'departure platform',
    'departure track',
    'arrival station',
    'arrival track',
    'route',
    'row',
    'seat',
    'train',
    'wagon'
  ],
  '7': [
    'departure location',
    'departure platform',
    'departure track',
    'departure date',
    'departure time',
    'class',
    'price',
    'route',
    'row',
    'seat',
    'type'
  ],
  '8': [
    'departure location',
    'departure station',
    'departure platform',
    'departure track',
    'arrival station',
    'arrival track',
    'class',
    'route',
    'seat',
    'train',
    'wagon'
  ],
  '9': [
    'departure station',
    'departure platform',
    'departure track',
    'departure date',
    'departure time',
    'arrival station',
    'arrival track',
    'duration',
    'route',
    'wagon'
  ],
  '10': [
    'departure location',
    'departure station',
    'departure track',
    'duration',
    'route',
    'seat',
    'train',
    'wagon'
  ],
  '11': [],
  '12': [],
  '13': [
    'departure location',
    'departure track',
    'departure date',
    'arrival station',
    'class',
    'row'
  ],
  '14': [
    'departure station',
    'departure platform',
    'departure track',
    'departure date'
  ],
  '15': [ 'arrival station', 'row', 'wagon' ],
  '16': [
    'departure location',
    'departure station',
    'departure platform',
    'departure track',
    'departure date',
    'departure time',
    'arrival station',
    'class',
    'row',
    'wagon'
  ],
  '17': [
    'departure location',
    'departure track',
    'departure time',
    'arrival station',
    'row',
    'wagon'
  ],
  '18': [
    'departure location',
    'departure station',
    'departure platform',
    'departure date',
    'departure time',
    'arrival station',
    'duration',
    'route',
    'row',
    'wagon'
  ],
  '19': [ 'class', 'row', 'wagon' ]
}
[
  0,
  0,
  0,
  0,
  0,
  'class',
  0,
  0,
  0,
  0,
  0,
  'arrival platform',
  'zone',
  0,
  0,
  0,
  0,
  0,
  0,
  0
]
{
  '0': [ 'row' ],
  '1': [ 'departure track', 'arrival station', 'row', 'wagon' ],
  '2': [
    'departure location',
    'departure platform',
    'departure track',
    'departure time',
    'arrival station',
    'duration',
    'route',
    'wagon'
  ],
  '3': [ 'arrival station', 'row', 'wagon' ],
  '4': [
    'departure platform',
    'departure track',
    'departure date',
    'arrival station',
    'row',
    'wagon'
  ],
  '5': [],
  '6': [
    'departure location',
    'departure station',
    'departure platform',
    'departure track',
    'arrival station',
    'arrival track',
    'route',
    'row',
    'seat',
    'train',
    'wagon'
  ],
  '7': [
    'departure location',
    'departure platform',
    'departure track',
    'departure date',
    'departure time',
    'price',
    'route',
    'row',
    'seat',
    'type'
  ],
  '8': [
    'departure location',
    'departure station',
    'departure platform',
    'departure track',
    'arrival station',
    'arrival track',
    'route',
    'seat',
    'train',
    'wagon'
  ],
  '9': [
    'departure station',
    'departure platform',
    'departure track',
    'departure date',
    'departure time',
    'arrival station',
    'arrival track',
    'duration',
    'route',
    'wagon'
  ],
  '10': [
    'departure location',
    'departure station',
    'departure track',
    'duration',
    'route',
    'seat',
    'train',
    'wagon'
  ],
  '11': [],
  '12': [],
  '13': [
    'departure location',
    'departure track',
    'departure date',
    'arrival station',
    'row'
  ],
  '14': [
    'departure station',
    'departure platform',
    'departure track',
    'departure date'
  ],
  '15': [ 'arrival station', 'row', 'wagon' ],
  '16': [
    'departure location',
    'departure station',
    'departure platform',
    'departure track',
    'departure date',
    'departure time',
    'arrival station',
    'row',
    'wagon'
  ],
  '17': [
    'departure location',
    'departure track',
    'departure time',
    'arrival station',
    'row',
    'wagon'
  ],
  '18': [
    'departure location',
    'departure station',
    'departure platform',
    'departure date',
    'departure time',
    'arrival station',
    'duration',
    'route',
    'row',
    'wagon'
  ],
  '19': [ 'row', 'wagon' ]
}
[
  'row',
  0,
  0,
  0,
  0,
  'class',
  0,
  0,
  0,
  0,
  0,
  'arrival platform',
  'zone',
  0,
  0,
  0,
  0,
  0,
  0,
  0
]
{
  '0': [],
  '1': [ 'departure track', 'arrival station', 'wagon' ],
  '2': [
    'departure location',
    'departure platform',
    'departure track',
    'departure time',
    'arrival station',
    'duration',
    'route',
    'wagon'
  ],
  '3': [ 'arrival station', 'wagon' ],
  '4': [
    'departure platform',
    'departure track',
    'departure date',
    'arrival station',
    'wagon'
  ],
  '5': [],
  '6': [
    'departure location',
    'departure station',
    'departure platform',
    'departure track',
    'arrival station',
    'arrival track',
    'route',
    'seat',
    'train',
    'wagon'
  ],
  '7': [
    'departure location',
    'departure platform',
    'departure track',
    'departure date',
    'departure time',
    'price',
    'route',
    'seat',
    'type'
  ],
  '8': [
    'departure location',
    'departure station',
    'departure platform',
    'departure track',
    'arrival station',
    'arrival track',
    'route',
    'seat',
    'train',
    'wagon'
  ],
  '9': [
    'departure station',
    'departure platform',
    'departure track',
    'departure date',
    'departure time',
    'arrival station',
    'arrival track',
    'duration',
    'route',
    'wagon'
  ],
  '10': [
    'departure location',
    'departure station',
    'departure track',
    'duration',
    'route',
    'seat',
    'train',
    'wagon'
  ],
  '11': [],
  '12': [],
  '13': [
    'departure location',
    'departure track',
    'departure date',
    'arrival station'
  ],
  '14': [
    'departure station',
    'departure platform',
    'departure track',
    'departure date'
  ],
  '15': [ 'arrival station', 'wagon' ],
  '16': [
    'departure location',
    'departure station',
    'departure platform',
    'departure track',
    'departure date',
    'departure time',
    'arrival station',
    'wagon'
  ],
  '17': [
    'departure location',
    'departure track',
    'departure time',
    'arrival station',
    'wagon'
  ],
  '18': [
    'departure location',
    'departure station',
    'departure platform',
    'departure date',
    'departure time',
    'arrival station',
    'duration',
    'route',
    'wagon'
  ],
  '19': [ 'wagon' ]
}
[
  'row',
  0,
  0,
  0,
  0,
  'class',
  0,
  0,
  0,
  0,
  0,
  'arrival platform',
  'zone',
  0,
  0,
  0,
  0,
  0,
  0,
  'wagon'
]
{
  '0': [],
  '1': [ 'departure track', 'arrival station' ],
  '2': [
    'departure location',
    'departure platform',
    'departure track',
    'departure time',
    'arrival station',
    'duration',
    'route'
  ],
  '3': [ 'arrival station' ],
  '4': [
    'departure platform',
    'departure track',
    'departure date',
    'arrival station'
  ],
  '5': [],
  '6': [
    'departure location',
    'departure station',
    'departure platform',
    'departure track',
    'arrival station',
    'arrival track',
    'route',
    'seat',
    'train'
  ],
  '7': [
    'departure location',
    'departure platform',
    'departure track',
    'departure date',
    'departure time',
    'price',
    'route',
    'seat',
    'type'
  ],
  '8': [
    'departure location',
    'departure station',
    'departure platform',
    'departure track',
    'arrival station',
    'arrival track',
    'route',
    'seat',
    'train'
  ],
  '9': [
    'departure station',
    'departure platform',
    'departure track',
    'departure date',
    'departure time',
    'arrival station',
    'arrival track',
    'duration',
    'route'
  ],
  '10': [
    'departure location',
    'departure station',
    'departure track',
    'duration',
    'route',
    'seat',
    'train'
  ],
  '11': [],
  '12': [],
  '13': [
    'departure location',
    'departure track',
    'departure date',
    'arrival station'
  ],
  '14': [
    'departure station',
    'departure platform',
    'departure track',
    'departure date'
  ],
  '15': [ 'arrival station' ],
  '16': [
    'departure location',
    'departure station',
    'departure platform',
    'departure track',
    'departure date',
    'departure time',
    'arrival station'
  ],
  '17': [
    'departure location',
    'departure track',
    'departure time',
    'arrival station'
  ],
  '18': [
    'departure location',
    'departure station',
    'departure platform',
    'departure date',
    'departure time',
    'arrival station',
    'duration',
    'route'
  ],
  '19': []
}
[
  'row',  0,
  0,      'arrival station',
  0,      'class',
  0,      0,
  0,      0,
  0,      'arrival platform',
  'zone', 0,
  0,      0,
  0,      0,
  0,      'wagon'
]
{
  '0': [],
  '1': [ 'departure track' ],
  '2': [
    'departure location',
    'departure platform',
    'departure track',
    'departure time',
    'duration',
    'route'
  ],
  '3': [],
  '4': [ 'departure platform', 'departure track', 'departure date' ],
  '5': [],
  '6': [
    'departure location',
    'departure station',
    'departure platform',
    'departure track',
    'arrival track',
    'route',
    'seat',
    'train'
  ],
  '7': [
    'departure location',
    'departure platform',
    'departure track',
    'departure date',
    'departure time',
    'price',
    'route',
    'seat',
    'type'
  ],
  '8': [
    'departure location',
    'departure station',
    'departure platform',
    'departure track',
    'arrival track',
    'route',
    'seat',
    'train'
  ],
  '9': [
    'departure station',
    'departure platform',
    'departure track',
    'departure date',
    'departure time',
    'arrival track',
    'duration',
    'route'
  ],
  '10': [
    'departure location',
    'departure station',
    'departure track',
    'duration',
    'route',
    'seat',
    'train'
  ],
  '11': [],
  '12': [],
  '13': [ 'departure location', 'departure track', 'departure date' ],
  '14': [
    'departure station',
    'departure platform',
    'departure track',
    'departure date'
  ],
  '15': [],
  '16': [
    'departure location',
    'departure station',
    'departure platform',
    'departure track',
    'departure date',
    'departure time'
  ],
  '17': [ 'departure location', 'departure track', 'departure time' ],
  '18': [
    'departure location',
    'departure station',
    'departure platform',
    'departure date',
    'departure time',
    'duration',
    'route'
  ],
  '19': []
}
[
  'row',  'departure track',
  0,      'arrival station',
  0,      'class',
  0,      0,
  0,      0,
  0,      'arrival platform',
  'zone', 0,
  0,      0,
  0,      0,
  0,      'wagon'
]
{
  '0': [],
  '1': [],
  '2': [
    'departure location',
    'departure platform',
    'departure time',
    'duration',
    'route'
  ],
  '3': [],
  '4': [ 'departure platform', 'departure date' ],
  '5': [],
  '6': [
    'departure location',
    'departure station',
    'departure platform',
    'arrival track',
    'route',
    'seat',
    'train'
  ],
  '7': [
    'departure location',
    'departure platform',
    'departure date',
    'departure time',
    'price',
    'route',
    'seat',
    'type'
  ],
  '8': [
    'departure location',
    'departure station',
    'departure platform',
    'arrival track',
    'route',
    'seat',
    'train'
  ],
  '9': [
    'departure station',
    'departure platform',
    'departure date',
    'departure time',
    'arrival track',
    'duration',
    'route'
  ],
  '10': [
    'departure location',
    'departure station',
    'duration',
    'route',
    'seat',
    'train'
  ],
  '11': [],
  '12': [],
  '13': [ 'departure location', 'departure date' ],
  '14': [ 'departure station', 'departure platform', 'departure date' ],
  '15': [],
  '16': [
    'departure location',
    'departure station',
    'departure platform',
    'departure date',
    'departure time'
  ],
  '17': [ 'departure location', 'departure time' ],
  '18': [
    'departure location',
    'departure station',
    'departure platform',
    'departure date',
    'departure time',
    'duration',
    'route'
  ],
  '19': []
}
stuck
[
  'row',  'departure track',
  0,      'arrival station',
  0,      'class',
  0,      0,
  0,      0,
  0,      'arrival platform',
  'zone', 0,
  0,      0,
  0,      0,
  0,      'wagon'
]
part 2 undefined
